<?xml version="1.0" encoding="UTF-8"?>
<!-- Generated by org.testng.reporters.JUnitReportReporter -->
<testsuite hostname="Manoj_Kumar_M" failures="0" tests="1" name="shopperstack.logintest.LoginTest" time="16.676" errors="0" timestamp="2023-11-11T15:54:44 IST" skipped="0">
  <testcase classname="shopperstack.logintest.LoginTest" name="loginTest" time="16.676"/>
</testsuite> <!-- shopperstack.logintest.LoginTest -->
