<?xml version="1.0" encoding="UTF-8"?>
<!-- Generated by org.testng.reporters.JUnitReportReporter -->
<testsuite hostname="Manoj_Kumar_M" failures="0" tests="5" name="shopperstack.testscripts.DemoTest2" time="73.708" errors="0" timestamp="2023-12-02T16:21:48 IST" skipped="0">
  <testcase classname="shopperstack.testscripts.DemoTest2" name="loginTestt" time="14.328"/>
  <testcase classname="shopperstack.testscripts.DemoTest2" name="loginTestt" time="16.772"/>
  <testcase classname="shopperstack.testscripts.DemoTest2" name="loginTestt" time="14.308"/>
  <testcase classname="shopperstack.testscripts.DemoTest2" name="loginTestt" time="14.180"/>
  <testcase classname="shopperstack.testscripts.DemoTest2" name="loginTestt" time="14.120"/>
</testsuite> <!-- shopperstack.testscripts.DemoTest2 -->
