<?xml version="1.0" encoding="UTF-8"?>
<!-- Generated by org.testng.reporters.JUnitReportReporter -->
<testsuite hostname="Manoj_Kumar_M" failures="0" tests="1" name="shopperstack.testscripts.DemoTest" time="33.394" errors="0" timestamp="2023-12-16T17:59:14 IST" skipped="0">
  <testcase classname="shopperstack.testscripts.DemoTest" name="demoTest" time="33.394"/>
</testsuite> <!-- shopperstack.testscripts.DemoTest -->
