<?xml version="1.0" encoding="UTF-8"?>
<!-- Generated by org.testng.reporters.JUnitReportReporter -->
<testsuite hostname="Manoj_Kumar_M" failures="0" tests="1" name="shopperstack.testscripts.DemoTest3" time="9.944" errors="0" timestamp="2023-12-10T17:37:45 IST" skipped="0">
  <testcase classname="shopperstack.testscripts.DemoTest3" name="demoTest3" time="9.944">
    <system-out>
      <![CDATA[demoTest3 Test Has Started
demoTest3 is Successfully Executed]]>
    </system-out>
  </testcase> <!-- demoTest3 -->
  <system-out>
    <![CDATA[DemoSuite Has Started
Browser Lounched Successfully
Logged in Successfully
demoTest Test Has Started
demoTest is Successfully Executed
Logged out Successfully
Browser closed Successfully
Browser Lounched Successfully
Logged in Successfully
demoTest3 Test Has Started
demoTest3 is Successfully Executed
Logged out Successfully
Browser closed Successfully]]>
  </system-out>
</testsuite> <!-- shopperstack.testscripts.DemoTest3 -->
