<?xml version="1.0" encoding="UTF-8"?>
<!-- Generated by org.testng.reporters.JUnitReportReporter -->
<testsuite hostname="Manoj_Kumar_M" failures="0" tests="1" name="shopperstack.logintest.DemoTest" time="8.208" errors="0" timestamp="2023-11-18T14:51:06 IST" skipped="0">
  <testcase classname="shopperstack.logintest.DemoTest" name="demoTest" time="8.208">
    <system-out>
      <![CDATA[Succesfullly Excuted]]>
    </system-out>
  </testcase> <!-- demoTest -->
  <system-out>
    <![CDATA[Browser Lounched Successfully
Logged in Successfully
Succesfullly Excuted
Logged out Successfully
Browser closed Successfully]]>
  </system-out>
</testsuite> <!-- shopperstack.logintest.DemoTest -->
