<?xml version="1.0" encoding="UTF-8"?>
<!-- Generated by org.testng.reporters.JUnitReportReporter -->
<testsuite hostname="Manoj_Kumar_M" failures="0" tests="1" name="shopperstack.testscripts.AddShoesToCartTest" time="12.804" errors="0" timestamp="2023-11-19T15:49:38 IST" skipped="0">
  <testcase classname="shopperstack.testscripts.AddShoesToCartTest" name="addToCartTest" time="12.804">
    <system-out>
      <![CDATA[Shoes Added to Cart]]>
    </system-out>
  </testcase> <!-- addToCartTest -->
  <system-out>
    <![CDATA[Browser Lounched Successfully
Browser Lounched Successfully
Browser Lounched Successfully
Logged in Successfully
Shoes Added to Cart
Logged in Successfully
Demo1 Excuted
Logged in Successfully
Adress Added
Logged out Successfully
Logged out Successfully
Logged out Successfully
Browser closed Successfully
Browser closed Successfully
Browser closed Successfully]]>
  </system-out>
</testsuite> <!-- shopperstack.testscripts.AddShoesToCartTest -->
